<?xml version="1.0" encoding="UTF-8"?>
<testng-results skipped="0" failed="0" total="0" passed="0">
  <reporter-output>
  </reporter-output>
  <suite name="Suite" duration-ms="0" started-at="2021-03-21T11:48:17Z" finished-at="2021-03-21T11:48:17Z">
    <groups>
      <group name="regressionTest">
        <method signature="SlectAdminstratorDropTc_9.contactRadioGroupTest()[pri:0, instance:Scripts_Contacts.SlectAdminstratorDropTc_9@3159c4b8]" name="contactRadioGroupTest" class="Scripts_Contacts.SlectAdminstratorDropTc_9"/>
      </group> <!-- regressionTest -->
      <group name="smokeTest">
        <method signature="ExportContactTc_6.createContactTest()[pri:0, instance:Scripts_Contacts.ExportContactTc_6@73846619]" name="createContactTest" class="Scripts_Contacts.ExportContactTc_6"/>
        <method signature="SelectLeadSourceTc_8.createContactLeadSourceTest()[pri:0, instance:Scripts_Contacts.SelectLeadSourceTc_8@4bec1f0c]" name="createContactLeadSourceTest" class="Scripts_Contacts.SelectLeadSourceTc_8"/>
        <method signature="SlectAdminstratorDropTc_9.contactUserRadioTest()[pri:0, instance:Scripts_Contacts.SlectAdminstratorDropTc_9@3159c4b8]" name="contactUserRadioTest" class="Scripts_Contacts.SlectAdminstratorDropTc_9"/>
        <method signature="SelectGroupSupportSaveTc_11.contactGroupDropTest()[pri:0, instance:Scripts_Contacts.SelectGroupSupportSaveTc_11@2ac273d3]" name="contactGroupDropTest" class="Scripts_Contacts.SelectGroupSupportSaveTc_11"/>
        <method signature="SelectMarketSaveTc_10.contactRadioGroupTest()[pri:0, instance:Scripts_Contacts.SelectMarketSaveTc_10@5383967b]" name="contactRadioGroupTest" class="Scripts_Contacts.SelectMarketSaveTc_10"/>
      </group> <!-- smokeTest -->
    </groups>
  </suite> <!-- Suite -->
</testng-results>
